<?xml version="1.0" encoding="UTF-8"?>
<!-- Generated by org.testng.reporters.JUnitReportReporter -->
<testsuite hostname="DESKTOP-0RNRBME" failures="0" tests="2" name="com.twowheeler.testscenario.New_Business" time="959.884" errors="0" timestamp="2024-12-30T17:21:10 IST" skipped="0">
  <testcase classname="com.twowheeler.testscenario.New_Business" name="RegisteredCar" time="490.181"/>
  <testcase classname="com.twowheeler.testscenario.New_Business" name="RegisteredCar" time="469.703"/>
</testsuite> <!-- com.twowheeler.testscenario.New_Business -->
