<?xml version="1.0" encoding="UTF-8"?>
<!-- Generated by org.testng.reporters.JUnitReportReporter -->
<testsuite hostname="DESKTOP-0RNRBME" failures="0" tests="1" name="Registered_Private_car.Private_car" time="375.857" errors="0" timestamp="2024-12-09T14:38:21 IST" skipped="0">
  <testcase classname="Registered_Private_car.Private_car" name="RegisteredCar" time="375.857"/>
</testsuite> <!-- Registered_Private_car.Private_car -->
